c:\users\neelo\5axismaker\multiaxis_3dp_motionplanning\qmeshlib\release\bv.obj
c:\users\neelo\5axismaker\multiaxis_3dp_motionplanning\qmeshlib\release\user.obj
c:\users\neelo\5axismaker\multiaxis_3dp_motionplanning\qmeshlib\release\polygenmesh.obj
c:\users\neelo\5axismaker\multiaxis_3dp_motionplanning\qmeshlib\release\qmeshedge.obj
c:\users\neelo\5axismaker\multiaxis_3dp_motionplanning\qmeshlib\release\qmeshface.obj
c:\users\neelo\5axismaker\multiaxis_3dp_motionplanning\qmeshlib\release\build.obj
c:\users\neelo\5axismaker\multiaxis_3dp_motionplanning\qmeshlib\release\qconvex.obj
c:\users\neelo\5axismaker\multiaxis_3dp_motionplanning\qmeshlib\release\rbox.obj
c:\users\neelo\5axismaker\multiaxis_3dp_motionplanning\qmeshlib\release\stat.obj
c:\users\neelo\5axismaker\multiaxis_3dp_motionplanning\qmeshlib\release\qmeshtetra.obj
c:\users\neelo\5axismaker\multiaxis_3dp_motionplanning\qmeshlib\release\tridist.obj
c:\users\neelo\5axismaker\multiaxis_3dp_motionplanning\qmeshlib\release\poly.obj
c:\users\neelo\5axismaker\multiaxis_3dp_motionplanning\qmeshlib\release\geom2.obj
c:\users\neelo\5axismaker\multiaxis_3dp_motionplanning\qmeshlib\release\poly2.obj
c:\users\neelo\5axismaker\multiaxis_3dp_motionplanning\qmeshlib\release\qmeshcluster.obj
c:\users\neelo\5axismaker\multiaxis_3dp_motionplanning\qmeshlib\release\pqp.obj
c:\users\neelo\5axismaker\multiaxis_3dp_motionplanning\qmeshlib\release\qset.obj
c:\users\neelo\5axismaker\multiaxis_3dp_motionplanning\qmeshlib\release\qmeshpatch.obj
c:\users\neelo\5axismaker\multiaxis_3dp_motionplanning\qmeshlib\release\global.obj
c:\users\neelo\5axismaker\multiaxis_3dp_motionplanning\qmeshlib\release\io.obj
c:\users\neelo\5axismaker\multiaxis_3dp_motionplanning\qmeshlib\release\men.obj
c:\users\neelo\5axismaker\multiaxis_3dp_motionplanning\qmeshlib\release\merge.obj
c:\users\neelo\5axismaker\multiaxis_3dp_motionplanning\qmeshlib\release\qmeshnode.obj
c:\users\neelo\5axismaker\multiaxis_3dp_motionplanning\qmeshlib\release\geom.obj
c:\users\neelo\5axismaker\multiaxis_3dp_motionplanning\qmeshlib\release\qhull.obj
c:\users\neelo\5axismaker\multiaxis_3dp_motionplanning\qmeshlib\generatedfiles\release\moc_predefs.h
c:\users\neelo\5axismaker\multiaxis_3dp_motionplanning\qmeshlib\release\qmeshlib.lib
c:\users\neelo\5axismaker\multiaxis_3dp_motionplanning\qmeshlib\release\qmeshlib.tlog\cl.10340.write.1.tlog
c:\users\neelo\5axismaker\multiaxis_3dp_motionplanning\qmeshlib\release\qmeshlib.tlog\cl.command.1.tlog
c:\users\neelo\5axismaker\multiaxis_3dp_motionplanning\qmeshlib\release\qmeshlib.tlog\cl.read.1.tlog
c:\users\neelo\5axismaker\multiaxis_3dp_motionplanning\qmeshlib\release\qmeshlib.tlog\custombuild.command.1.tlog
c:\users\neelo\5axismaker\multiaxis_3dp_motionplanning\qmeshlib\release\qmeshlib.tlog\custombuild.read.1.tlog
c:\users\neelo\5axismaker\multiaxis_3dp_motionplanning\qmeshlib\release\qmeshlib.tlog\custombuild.write.1.tlog
c:\users\neelo\5axismaker\multiaxis_3dp_motionplanning\qmeshlib\release\qmeshlib.tlog\lib-link.read.1.tlog
c:\users\neelo\5axismaker\multiaxis_3dp_motionplanning\qmeshlib\release\qmeshlib.tlog\lib-link.write.1.tlog
c:\users\neelo\5axismaker\multiaxis_3dp_motionplanning\qmeshlib\release\qmeshlib.tlog\lib.command.1.tlog
