c:\users\neelo\5axismaker\multiaxis_3dp_motionplanning\glklib\release\moc_glklib.obj
c:\users\neelo\5axismaker\multiaxis_3dp_motionplanning\glklib\release\glksparsematrixiterativesolver.obj
c:\users\neelo\5axismaker\multiaxis_3dp_motionplanning\glklib\release\interactivetool.obj
c:\users\neelo\5axismaker\multiaxis_3dp_motionplanning\glklib\release\glkheap.obj
c:\users\neelo\5axismaker\multiaxis_3dp_motionplanning\glklib\release\glkgeometry.obj
c:\users\neelo\5axismaker\multiaxis_3dp_motionplanning\glklib\release\glksparsematrix.obj
c:\users\neelo\5axismaker\multiaxis_3dp_motionplanning\glklib\release\glkrational.obj
c:\users\neelo\5axismaker\multiaxis_3dp_motionplanning\glklib\release\glklib.obj
c:\users\neelo\5axismaker\multiaxis_3dp_motionplanning\glklib\release\glkgraph.obj
c:\users\neelo\5axismaker\multiaxis_3dp_motionplanning\glklib\release\glkoblist.obj
c:\users\neelo\5axismaker\multiaxis_3dp_motionplanning\glklib\release\glkmatrixlib.obj
c:\users\neelo\5axismaker\multiaxis_3dp_motionplanning\glklib\release\glksparsematrixdirectsolver.obj
c:\users\neelo\5axismaker\multiaxis_3dp_motionplanning\glklib\release\stdafx.obj
c:\users\neelo\5axismaker\multiaxis_3dp_motionplanning\glklib\release\glknearestneighbor.obj
c:\users\neelo\5axismaker\multiaxis_3dp_motionplanning\glklib\release\moc_predefs.h
c:\users\neelo\5axismaker\multiaxis_3dp_motionplanning\glklib\release\moc_glklib.cpp
c:\users\neelo\5axismaker\multiaxis_3dp_motionplanning\glklib\release\glklib.lib
c:\users\neelo\5axismaker\multiaxis_3dp_motionplanning\glklib\release\glklib.res
c:\users\neelo\5axismaker\multiaxis_3dp_motionplanning\glklib\release\glklib.tlog\cl.command.1.tlog
c:\users\neelo\5axismaker\multiaxis_3dp_motionplanning\glklib\release\glklib.tlog\cl.read.1.tlog
c:\users\neelo\5axismaker\multiaxis_3dp_motionplanning\glklib\release\glklib.tlog\cl.write.1.tlog
c:\users\neelo\5axismaker\multiaxis_3dp_motionplanning\glklib\release\glklib.tlog\custombuild.command.1.tlog
c:\users\neelo\5axismaker\multiaxis_3dp_motionplanning\glklib\release\glklib.tlog\custombuild.read.1.tlog
c:\users\neelo\5axismaker\multiaxis_3dp_motionplanning\glklib\release\glklib.tlog\custombuild.write.1.tlog
c:\users\neelo\5axismaker\multiaxis_3dp_motionplanning\glklib\release\glklib.tlog\glklib.write.1u.tlog
c:\users\neelo\5axismaker\multiaxis_3dp_motionplanning\glklib\release\glklib.tlog\lib-link-cvtres.read.1.tlog
c:\users\neelo\5axismaker\multiaxis_3dp_motionplanning\glklib\release\glklib.tlog\lib-link-cvtres.write.1.tlog
c:\users\neelo\5axismaker\multiaxis_3dp_motionplanning\glklib\release\glklib.tlog\lib.command.1.tlog
c:\users\neelo\5axismaker\multiaxis_3dp_motionplanning\glklib\release\glklib.tlog\moc.read.1u.tlog
c:\users\neelo\5axismaker\multiaxis_3dp_motionplanning\glklib\release\glklib.tlog\moc.write.1u.tlog
c:\users\neelo\5axismaker\multiaxis_3dp_motionplanning\glklib\release\glklib.tlog\rc.command.1.tlog
c:\users\neelo\5axismaker\multiaxis_3dp_motionplanning\glklib\release\glklib.tlog\rc.read.1.tlog
c:\users\neelo\5axismaker\multiaxis_3dp_motionplanning\glklib\release\glklib.tlog\rc.write.1.tlog
