  InteractiveTool.cpp
C:\Users\neelo\5AXISMAKER\MultiAxis_3DP_MotionPlanning\GLKLib\GLKLib.h(163,35): warning C4100: 'bVertexNormalShading': unreferenced formal parameter
C:\Users\neelo\5AXISMAKER\MultiAxis_3DP_MotionPlanning\GLKLib\GLKLib.h(214,63): warning C4100: 'even_type': unreferenced formal parameter
C:\Users\neelo\5AXISMAKER\MultiAxis_3DP_MotionPlanning\GLKLib\GLKLib.h(214,39): warning C4100: 'event': unreferenced formal parameter
C:\Users\neelo\5AXISMAKER\MultiAxis_3DP_MotionPlanning\GLKLib\InteractiveTool.h(7,60): warning C4091: 'typedef ': ignored on left of 'select_type' when no variable is declared
C:\Users\neelo\5AXISMAKER\MultiAxis_3DP_MotionPlanning\QMeshLib\PolygenMesh.h(24,2): warning C4091: 'typedef ': ignored on left of 'mesh_type' when no variable is declared
C:\Users\neelo\5AXISMAKER\MultiAxis_3DP_MotionPlanning\GLKLib\GLKGeometry.h(493,28): warning C4267: 'return': conversion from 'size_t' to 'unsigned int', possible loss of data
C:\Users\neelo\5AXISMAKER\MultiAxis_3DP_MotionPlanning\GLKLib\GLKCameraTool.h(9,62): warning C4091: 'typedef ': ignored on left of 'camera_type' when no variable is declared
C:\Users\neelo\5AXISMAKER\MultiAxis_3DP_MotionPlanning\GLKLib\InteractiveTool.cpp(105,68): warning C4100: 'event_type': unreferenced formal parameter
C:\Users\neelo\5AXISMAKER\MultiAxis_3DP_MotionPlanning\GLKLib\InteractiveTool.cpp(105,44): warning C4100: 'event': unreferenced formal parameter
C:\Users\neelo\5AXISMAKER\MultiAxis_3DP_MotionPlanning\GLKLib\InteractiveTool.cpp(138,68): warning C4100: 'event_type': unreferenced formal parameter
C:\Users\neelo\5AXISMAKER\MultiAxis_3DP_MotionPlanning\GLKLib\InteractiveTool.cpp(138,44): warning C4100: 'event': unreferenced formal parameter
C:\Users\neelo\5AXISMAKER\MultiAxis_3DP_MotionPlanning\GLKLib\InteractiveTool.cpp(186,68): warning C4100: 'event_type': unreferenced formal parameter
C:\Users\neelo\5AXISMAKER\MultiAxis_3DP_MotionPlanning\GLKLib\InteractiveTool.cpp(186,44): warning C4100: 'event': unreferenced formal parameter
C:\Users\neelo\5AXISMAKER\MultiAxis_3DP_MotionPlanning\GLKLib\InteractiveTool.cpp(235,68): warning C4100: 'event_type': unreferenced formal parameter
C:\Users\neelo\5AXISMAKER\MultiAxis_3DP_MotionPlanning\GLKLib\InteractiveTool.cpp(235,44): warning C4100: 'event': unreferenced formal parameter
C:\Users\neelo\5AXISMAKER\MultiAxis_3DP_MotionPlanning\GLKLib\InteractiveTool.cpp(277,69): warning C4100: 'event_type': unreferenced formal parameter
C:\Users\neelo\5AXISMAKER\MultiAxis_3DP_MotionPlanning\GLKLib\InteractiveTool.cpp(277,45): warning C4100: 'event': unreferenced formal parameter
C:\Users\neelo\5AXISMAKER\MultiAxis_3DP_MotionPlanning\GLKLib\InteractiveTool.cpp(338,9): warning C4189: 'selectNum': local variable is initialized but not referenced
  GLKLib.vcxproj -> C:\Users\neelo\5AXISMAKER\MultiAxis_3DP_MotionPlanning\GLKLib\release\GLKLib.lib
