c:\users\neelo\5axismaker\multiaxis_3dp_motionplanning\shapelab\release\qrc_shapelab.obj
c:\users\neelo\5axismaker\multiaxis_3dp_motionplanning\shapelab\release\graph.obj
c:\users\neelo\5axismaker\multiaxis_3dp_motionplanning\shapelab\release\main.obj
c:\users\neelo\5axismaker\multiaxis_3dp_motionplanning\shapelab\release\mainwindow.obj
c:\users\neelo\5axismaker\multiaxis_3dp_motionplanning\shapelab\release\gcodegeneration.obj
c:\users\neelo\5axismaker\multiaxis_3dp_motionplanning\shapelab\release\moc_mainwindow.obj
c:\users\neelo\5axismaker\multiaxis_3dp_motionplanning\shapelab\release\moc_predefs.h
c:\users\neelo\5axismaker\multiaxis_3dp_motionplanning\shapelab\release\shapelab.exe
c:\users\neelo\5axismaker\multiaxis_3dp_motionplanning\shapelab\release\moc_mainwindow.cpp
c:\users\neelo\5axismaker\multiaxis_3dp_motionplanning\shapelab\release\qrc_shapelab.cpp
c:\users\neelo\5axismaker\multiaxis_3dp_motionplanning\shapelab\generatedfiles\ui_mainwindow.h
c:\users\neelo\5axismaker\multiaxis_3dp_motionplanning\shapelab\release\shapelab.tlog\cl.command.1.tlog
c:\users\neelo\5axismaker\multiaxis_3dp_motionplanning\shapelab\release\shapelab.tlog\cl.read.1.tlog
c:\users\neelo\5axismaker\multiaxis_3dp_motionplanning\shapelab\release\shapelab.tlog\cl.write.1.tlog
c:\users\neelo\5axismaker\multiaxis_3dp_motionplanning\shapelab\release\shapelab.tlog\custombuild.command.1.tlog
c:\users\neelo\5axismaker\multiaxis_3dp_motionplanning\shapelab\release\shapelab.tlog\custombuild.read.1.tlog
c:\users\neelo\5axismaker\multiaxis_3dp_motionplanning\shapelab\release\shapelab.tlog\custombuild.write.1.tlog
c:\users\neelo\5axismaker\multiaxis_3dp_motionplanning\shapelab\release\shapelab.tlog\link.command.1.tlog
c:\users\neelo\5axismaker\multiaxis_3dp_motionplanning\shapelab\release\shapelab.tlog\link.read.1.tlog
c:\users\neelo\5axismaker\multiaxis_3dp_motionplanning\shapelab\release\shapelab.tlog\link.write.1.tlog
c:\users\neelo\5axismaker\multiaxis_3dp_motionplanning\shapelab\release\shapelab.tlog\moc.read.1u.tlog
c:\users\neelo\5axismaker\multiaxis_3dp_motionplanning\shapelab\release\shapelab.tlog\moc.write.1u.tlog
c:\users\neelo\5axismaker\multiaxis_3dp_motionplanning\shapelab\release\shapelab.tlog\rcc.read.1u.tlog
c:\users\neelo\5axismaker\multiaxis_3dp_motionplanning\shapelab\release\shapelab.tlog\rcc.write.1u.tlog
c:\users\neelo\5axismaker\multiaxis_3dp_motionplanning\shapelab\release\shapelab.tlog\shapelab.write.1u.tlog
c:\users\neelo\5axismaker\multiaxis_3dp_motionplanning\shapelab\release\shapelab.tlog\uic.read.1u.tlog
c:\users\neelo\5axismaker\multiaxis_3dp_motionplanning\shapelab\release\shapelab.tlog\uic.write.1u.tlog
