c:\users\neelo\5axismaker\multiaxis_3dp_motionplanning\glklib\debug\glklib.pdb
c:\users\neelo\5axismaker\multiaxis_3dp_motionplanning\glklib\debug\moc_glklib.obj
c:\users\neelo\5axismaker\multiaxis_3dp_motionplanning\glklib\debug\glkoblist.obj
c:\users\neelo\5axismaker\multiaxis_3dp_motionplanning\glklib\debug\stdafx.obj
c:\users\neelo\5axismaker\multiaxis_3dp_motionplanning\glklib\debug\glksparsematrix.obj
c:\users\neelo\5axismaker\multiaxis_3dp_motionplanning\glklib\debug\glkmatrixlib.obj
c:\users\neelo\5axismaker\multiaxis_3dp_motionplanning\glklib\debug\glknearestneighbor.obj
c:\users\neelo\5axismaker\multiaxis_3dp_motionplanning\glklib\debug\interactivetool.obj
c:\users\neelo\5axismaker\multiaxis_3dp_motionplanning\glklib\debug\glkgraph.obj
c:\users\neelo\5axismaker\multiaxis_3dp_motionplanning\glklib\debug\glklib.obj
c:\users\neelo\5axismaker\multiaxis_3dp_motionplanning\glklib\debug\glkrational.obj
c:\users\neelo\5axismaker\multiaxis_3dp_motionplanning\glklib\debug\glksparsematrixiterativesolver.obj
c:\users\neelo\5axismaker\multiaxis_3dp_motionplanning\glklib\debug\glksparsematrixdirectsolver.obj
c:\users\neelo\5axismaker\multiaxis_3dp_motionplanning\glklib\debug\glkheap.obj
c:\users\neelo\5axismaker\multiaxis_3dp_motionplanning\glklib\debug\glkgeometry.obj
c:\users\neelo\5axismaker\multiaxis_3dp_motionplanning\glklib\debug\moc_predefs.h
c:\users\neelo\5axismaker\multiaxis_3dp_motionplanning\glklib\debug\moc_glklib.cpp
c:\users\neelo\5axismaker\multiaxis_3dp_motionplanning\glklib\debug\glklib.lib
c:\users\neelo\5axismaker\multiaxis_3dp_motionplanning\glklib\debug\glklib.res
c:\users\neelo\5axismaker\multiaxis_3dp_motionplanning\glklib\debug\glklib.tlog\cl.command.1.tlog
c:\users\neelo\5axismaker\multiaxis_3dp_motionplanning\glklib\debug\glklib.tlog\cl.read.1.tlog
c:\users\neelo\5axismaker\multiaxis_3dp_motionplanning\glklib\debug\glklib.tlog\cl.write.1.tlog
c:\users\neelo\5axismaker\multiaxis_3dp_motionplanning\glklib\debug\glklib.tlog\custombuild.command.1.tlog
c:\users\neelo\5axismaker\multiaxis_3dp_motionplanning\glklib\debug\glklib.tlog\custombuild.read.1.tlog
c:\users\neelo\5axismaker\multiaxis_3dp_motionplanning\glklib\debug\glklib.tlog\custombuild.write.1.tlog
c:\users\neelo\5axismaker\multiaxis_3dp_motionplanning\glklib\debug\glklib.tlog\glklib.write.1u.tlog
c:\users\neelo\5axismaker\multiaxis_3dp_motionplanning\glklib\debug\glklib.tlog\lib-link-cvtres.read.1.tlog
c:\users\neelo\5axismaker\multiaxis_3dp_motionplanning\glklib\debug\glklib.tlog\lib-link-cvtres.write.1.tlog
c:\users\neelo\5axismaker\multiaxis_3dp_motionplanning\glklib\debug\glklib.tlog\lib.command.1.tlog
c:\users\neelo\5axismaker\multiaxis_3dp_motionplanning\glklib\debug\glklib.tlog\moc.read.1u.tlog
c:\users\neelo\5axismaker\multiaxis_3dp_motionplanning\glklib\debug\glklib.tlog\moc.write.1u.tlog
c:\users\neelo\5axismaker\multiaxis_3dp_motionplanning\glklib\debug\glklib.tlog\rc.command.1.tlog
c:\users\neelo\5axismaker\multiaxis_3dp_motionplanning\glklib\debug\glklib.tlog\rc.read.1.tlog
c:\users\neelo\5axismaker\multiaxis_3dp_motionplanning\glklib\debug\glklib.tlog\rc.write.1.tlog
