c:\users\neelo\5axismaker\multiaxis_3dp_motionplanning\shapelab\debug\gcodegeneration.obj
c:\users\neelo\5axismaker\multiaxis_3dp_motionplanning\shapelab\debug\graph.obj
c:\users\neelo\5axismaker\multiaxis_3dp_motionplanning\shapelab\debug\mainwindow.obj
c:\users\neelo\5axismaker\multiaxis_3dp_motionplanning\shapelab\debug\main.obj
c:\users\neelo\5axismaker\multiaxis_3dp_motionplanning\shapelab\debug\vc142.pdb
c:\users\neelo\5axismaker\multiaxis_3dp_motionplanning\shapelab\debug\qrc_shapelab.obj
c:\users\neelo\5axismaker\multiaxis_3dp_motionplanning\shapelab\debug\moc_mainwindow.obj
c:\users\neelo\5axismaker\multiaxis_3dp_motionplanning\shapelab\debug\moc_predefs.h
c:\users\neelo\5axismaker\multiaxis_3dp_motionplanning\shapelab\debug\shapelab.exe
c:\users\neelo\5axismaker\multiaxis_3dp_motionplanning\shapelab\debug\shapelab.ilk
c:\users\neelo\5axismaker\multiaxis_3dp_motionplanning\shapelab\debug\shapelab.pdb
c:\users\neelo\5axismaker\multiaxis_3dp_motionplanning\shapelab\debug\moc_mainwindow.cpp
c:\users\neelo\5axismaker\multiaxis_3dp_motionplanning\shapelab\debug\qrc_shapelab.cpp
c:\users\neelo\5axismaker\multiaxis_3dp_motionplanning\shapelab\generatedfiles\ui_mainwindow.h
c:\users\neelo\5axismaker\multiaxis_3dp_motionplanning\shapelab\debug\shapelab.tlog\cl.command.1.tlog
c:\users\neelo\5axismaker\multiaxis_3dp_motionplanning\shapelab\debug\shapelab.tlog\cl.read.1.tlog
c:\users\neelo\5axismaker\multiaxis_3dp_motionplanning\shapelab\debug\shapelab.tlog\cl.write.1.tlog
c:\users\neelo\5axismaker\multiaxis_3dp_motionplanning\shapelab\debug\shapelab.tlog\custombuild.command.1.tlog
c:\users\neelo\5axismaker\multiaxis_3dp_motionplanning\shapelab\debug\shapelab.tlog\custombuild.read.1.tlog
c:\users\neelo\5axismaker\multiaxis_3dp_motionplanning\shapelab\debug\shapelab.tlog\custombuild.write.1.tlog
c:\users\neelo\5axismaker\multiaxis_3dp_motionplanning\shapelab\debug\shapelab.tlog\link.command.1.tlog
c:\users\neelo\5axismaker\multiaxis_3dp_motionplanning\shapelab\debug\shapelab.tlog\link.read.1.tlog
c:\users\neelo\5axismaker\multiaxis_3dp_motionplanning\shapelab\debug\shapelab.tlog\link.write.1.tlog
c:\users\neelo\5axismaker\multiaxis_3dp_motionplanning\shapelab\debug\shapelab.tlog\moc.read.1u.tlog
c:\users\neelo\5axismaker\multiaxis_3dp_motionplanning\shapelab\debug\shapelab.tlog\moc.write.1u.tlog
c:\users\neelo\5axismaker\multiaxis_3dp_motionplanning\shapelab\debug\shapelab.tlog\rcc.read.1u.tlog
c:\users\neelo\5axismaker\multiaxis_3dp_motionplanning\shapelab\debug\shapelab.tlog\rcc.write.1u.tlog
c:\users\neelo\5axismaker\multiaxis_3dp_motionplanning\shapelab\debug\shapelab.tlog\shapelab.write.1u.tlog
c:\users\neelo\5axismaker\multiaxis_3dp_motionplanning\shapelab\debug\shapelab.tlog\uic.read.1u.tlog
c:\users\neelo\5axismaker\multiaxis_3dp_motionplanning\shapelab\debug\shapelab.tlog\uic.write.1u.tlog
