c:\users\neelo\5axismaker\multiaxis_3dp_motionplanning\qmeshlib\debug\qmeshlib.pdb
c:\users\neelo\5axismaker\multiaxis_3dp_motionplanning\qmeshlib\debug\qmeshpatch.obj
c:\users\neelo\5axismaker\multiaxis_3dp_motionplanning\qmeshlib\debug\build.obj
c:\users\neelo\5axismaker\multiaxis_3dp_motionplanning\qmeshlib\debug\poly.obj
c:\users\neelo\5axismaker\multiaxis_3dp_motionplanning\qmeshlib\debug\io.obj
c:\users\neelo\5axismaker\multiaxis_3dp_motionplanning\qmeshlib\debug\user.obj
c:\users\neelo\5axismaker\multiaxis_3dp_motionplanning\qmeshlib\debug\qmeshtetra.obj
c:\users\neelo\5axismaker\multiaxis_3dp_motionplanning\qmeshlib\debug\geom2.obj
c:\users\neelo\5axismaker\multiaxis_3dp_motionplanning\qmeshlib\debug\rbox.obj
c:\users\neelo\5axismaker\multiaxis_3dp_motionplanning\qmeshlib\debug\men.obj
c:\users\neelo\5axismaker\multiaxis_3dp_motionplanning\qmeshlib\debug\merge.obj
c:\users\neelo\5axismaker\multiaxis_3dp_motionplanning\qmeshlib\debug\polygenmesh.obj
c:\users\neelo\5axismaker\multiaxis_3dp_motionplanning\qmeshlib\debug\pqp.obj
c:\users\neelo\5axismaker\multiaxis_3dp_motionplanning\qmeshlib\debug\qhull.obj
c:\users\neelo\5axismaker\multiaxis_3dp_motionplanning\qmeshlib\debug\qmeshcluster.obj
c:\users\neelo\5axismaker\multiaxis_3dp_motionplanning\qmeshlib\debug\global.obj
c:\users\neelo\5axismaker\multiaxis_3dp_motionplanning\qmeshlib\debug\qset.obj
c:\users\neelo\5axismaker\multiaxis_3dp_motionplanning\qmeshlib\debug\qmeshedge.obj
c:\users\neelo\5axismaker\multiaxis_3dp_motionplanning\qmeshlib\debug\bv.obj
c:\users\neelo\5axismaker\multiaxis_3dp_motionplanning\qmeshlib\debug\stat.obj
c:\users\neelo\5axismaker\multiaxis_3dp_motionplanning\qmeshlib\debug\qmeshface.obj
c:\users\neelo\5axismaker\multiaxis_3dp_motionplanning\qmeshlib\debug\qmeshnode.obj
c:\users\neelo\5axismaker\multiaxis_3dp_motionplanning\qmeshlib\debug\tridist.obj
c:\users\neelo\5axismaker\multiaxis_3dp_motionplanning\qmeshlib\debug\poly2.obj
c:\users\neelo\5axismaker\multiaxis_3dp_motionplanning\qmeshlib\debug\geom.obj
c:\users\neelo\5axismaker\multiaxis_3dp_motionplanning\qmeshlib\debug\qconvex.obj
c:\users\neelo\5axismaker\multiaxis_3dp_motionplanning\qmeshlib\generatedfiles\debug\moc_predefs.h
c:\users\neelo\5axismaker\multiaxis_3dp_motionplanning\qmeshlib\debug\qmeshlib.lib
c:\users\neelo\5axismaker\multiaxis_3dp_motionplanning\qmeshlib\debug\qmeshlib.tlog\cl.command.1.tlog
c:\users\neelo\5axismaker\multiaxis_3dp_motionplanning\qmeshlib\debug\qmeshlib.tlog\cl.read.1.tlog
c:\users\neelo\5axismaker\multiaxis_3dp_motionplanning\qmeshlib\debug\qmeshlib.tlog\cl.write.1.tlog
c:\users\neelo\5axismaker\multiaxis_3dp_motionplanning\qmeshlib\debug\qmeshlib.tlog\custombuild.command.1.tlog
c:\users\neelo\5axismaker\multiaxis_3dp_motionplanning\qmeshlib\debug\qmeshlib.tlog\custombuild.read.1.tlog
c:\users\neelo\5axismaker\multiaxis_3dp_motionplanning\qmeshlib\debug\qmeshlib.tlog\custombuild.write.1.tlog
c:\users\neelo\5axismaker\multiaxis_3dp_motionplanning\qmeshlib\debug\qmeshlib.tlog\lib-link.read.1.tlog
c:\users\neelo\5axismaker\multiaxis_3dp_motionplanning\qmeshlib\debug\qmeshlib.tlog\lib-link.write.1.tlog
c:\users\neelo\5axismaker\multiaxis_3dp_motionplanning\qmeshlib\debug\qmeshlib.tlog\lib.command.1.tlog
