  Generate moc_predefs.h
C:\Program Files (x86)\Microsoft Visual Studio\2019\Community\MSBuild\Microsoft\VC\v160\Microsoft.CppCommon.targets(241,5): warning MSB8064: Custom build for item "GeneratedFiles\moc_predefs.h.cbt" succeeded, but specified dependency "c:\users\neelo\5axismaker\multiaxis_3dp_motionplanning\qmeshlib\generatedfiles\moc_predefs.h.cbt" does not exist. This may cause incremental build to work incorrectly.
C:\Program Files (x86)\Microsoft Visual Studio\2019\Community\MSBuild\Microsoft\VC\v160\Microsoft.CppCommon.targets(241,5): warning MSB8065: Custom build for item "GeneratedFiles\moc_predefs.h.cbt" succeeded, but specified output "c:\users\neelo\5axismaker\multiaxis_3dp_motionplanning\qmeshlib\generatedfiles\debug\moc_predefs.h" has not been created. This may cause incremental build to work incorrectly.
  BV.cpp
  Build.cpp
  PQP.cpp
  PolygenMesh.cpp
  QMeshCluster.cpp
  QMeshEdge.cpp
  QMeshFace.cpp
  QMeshNode.cpp
  QMeshPatch.cpp
  QMeshTetra.cpp
  TriDist.cpp
  geom.cpp
  geom2.cpp
  global.cpp
  io.cpp
  men.cpp
C:\Users\neelo\5AXISMAKER\MultiAxis_3DP_MotionPlanning\ThirdPartyDependence\PQPLib\TriDist.cpp(439,8): warning C4244: '=': conversion from 'double' to 'float', possible loss of data
C:\Users\neelo\5AXISMAKER\MultiAxis_3DP_MotionPlanning\ThirdPartyDependence\PQPLib\TriDist.cpp(476,15): warning C4244: '=': conversion from 'double' to 'float', possible loss of data
C:\Users\neelo\5AXISMAKER\MultiAxis_3DP_MotionPlanning\ThirdPartyDependence\PQPLib\TriDist.cpp(476,37): warning C4244: '=': conversion from 'double' to 'float', possible loss of data
C:\Users\neelo\5AXISMAKER\MultiAxis_3DP_MotionPlanning\ThirdPartyDependence\PQPLib\TriDist.cpp(476,59): warning C4244: '=': conversion from 'double' to 'float', possible loss of data
C:\Users\neelo\5AXISMAKER\MultiAxis_3DP_MotionPlanning\ThirdPartyDependence\PQPLib\TriDist.cpp(497,22): warning C4244: '=': conversion from 'double' to 'float', possible loss of data
C:\Users\neelo\5AXISMAKER\MultiAxis_3DP_MotionPlanning\ThirdPartyDependence\PQPLib\TriDist.cpp(498,22): warning C4244: '=': conversion from 'double' to 'float', possible loss of data
C:\Users\neelo\5AXISMAKER\MultiAxis_3DP_MotionPlanning\ThirdPartyDependence\PQPLib\TriDist.cpp(499,22): warning C4244: '=': conversion from 'double' to 'float', possible loss of data
C:\Users\neelo\5AXISMAKER\MultiAxis_3DP_MotionPlanning\ThirdPartyDependence\PQPLib\GetTime.h(44,1): warning C4005: 'WIN32': macro redefinition (compiling source file ..\ThirdPartyDependence\PQPLib\PQP.cpp)
C:\Users\neelo\5AXISMAKER\MultiAxis_3DP_MotionPlanning\ThirdPartyDependence\PQPLib\PQP.cpp : message : see previous definition of 'WIN32'
C:\Users\neelo\5AXISMAKER\MultiAxis_3DP_MotionPlanning\ThirdPartyDependence\PQPLib\PQP.cpp(279,20): warning C4477: 'fprintf' : format string '%d' requires an argument of type 'int', but variadic argument 2 has type 'size_t'
C:\Users\neelo\5AXISMAKER\MultiAxis_3DP_MotionPlanning\ThirdPartyDependence\PQPLib\PQP.cpp(279,20): message : consider using '%zd' in the format string
C:\Users\neelo\5AXISMAKER\MultiAxis_3DP_MotionPlanning\ThirdPartyDependence\PQPLib\PQP.cpp(281,20): warning C4477: 'fprintf' : format string '%d' requires an argument of type 'int', but variadic argument 2 has type 'size_t'
C:\Users\neelo\5AXISMAKER\MultiAxis_3DP_MotionPlanning\ThirdPartyDependence\PQPLib\PQP.cpp(281,20): message : consider using '%zd' in the format string
C:\Users\neelo\5AXISMAKER\MultiAxis_3DP_MotionPlanning\ThirdPartyDependence\QHullLib\io.cpp(76,1): warning C4477: 'fprintf' : format string '%d' requires an argument of type 'int', but variadic argument 1 has type 'size_t'
C:\Users\neelo\5AXISMAKER\MultiAxis_3DP_MotionPlanning\ThirdPartyDependence\QHullLib\io.cpp(76,1): message : consider using '%zd' in the format string
C:\Users\neelo\5AXISMAKER\MultiAxis_3DP_MotionPlanning\ThirdPartyDependence\QHullLib\io.cpp(76,1): warning C4477: 'fprintf' : format string '%d' requires an argument of type 'int', but variadic argument 2 has type 'size_t'
C:\Users\neelo\5AXISMAKER\MultiAxis_3DP_MotionPlanning\ThirdPartyDependence\QHullLib\io.cpp(76,1): message : consider using '%zd' in the format string
C:\Users\neelo\5AXISMAKER\MultiAxis_3DP_MotionPlanning\ThirdPartyDependence\QHullLib\io.cpp(76,1): warning C4477: 'fprintf' : format string '%d' requires an argument of type 'int', but variadic argument 3 has type 'size_t'
C:\Users\neelo\5AXISMAKER\MultiAxis_3DP_MotionPlanning\ThirdPartyDependence\QHullLib\io.cpp(76,1): message : consider using '%zd' in the format string
C:\Users\neelo\5AXISMAKER\MultiAxis_3DP_MotionPlanning\ThirdPartyDependence\QHullLib\io.cpp(76,1): warning C4477: 'fprintf' : format string '%d' requires an argument of type 'int', but variadic argument 4 has type 'size_t'
C:\Users\neelo\5AXISMAKER\MultiAxis_3DP_MotionPlanning\ThirdPartyDependence\QHullLib\io.cpp(76,1): message : consider using '%zd' in the format string
C:\Users\neelo\5AXISMAKER\MultiAxis_3DP_MotionPlanning\ThirdPartyDependence\QHullLib\io.cpp(76,1): warning C4477: 'fprintf' : format string '%d' requires an argument of type 'int', but variadic argument 7 has type 'size_t'
C:\Users\neelo\5AXISMAKER\MultiAxis_3DP_MotionPlanning\ThirdPartyDependence\QHullLib\io.cpp(76,1): message : consider using '%zd' in the format string
C:\Users\neelo\5AXISMAKER\MultiAxis_3DP_MotionPlanning\ThirdPartyDependence\PQPLib\PQP.cpp(906,12): warning C4189: 'sz': local variable is initialized but not referenced
C:\Users\neelo\5AXISMAKER\MultiAxis_3DP_MotionPlanning\ThirdPartyDependence\PQPLib\PQP.cpp(999,38): warning C4100: 'p': unreferenced formal parameter
C:\Users\neelo\5AXISMAKER\MultiAxis_3DP_MotionPlanning\ThirdPartyDependence\PQPLib\PQP.cpp(999,26): warning C4100: 'b': unreferenced formal parameter
C:\Users\neelo\5AXISMAKER\MultiAxis_3DP_MotionPlanning\ThirdPartyDependence\PQPLib\PQP.cpp(999,19): warning C4100: 'o': unreferenced formal parameter
C:\Users\neelo\5AXISMAKER\MultiAxis_3DP_MotionPlanning\ThirdPartyDependence\PQPLib\PQP.cpp(998,78): warning C4100: 'T': unreferenced formal parameter
C:\Users\neelo\5AXISMAKER\MultiAxis_3DP_MotionPlanning\ThirdPartyDependence\PQPLib\PQP.cpp(998,60): warning C4100: 'R': unreferenced formal parameter
C:\Users\neelo\5AXISMAKER\MultiAxis_3DP_MotionPlanning\ThirdPartyDependence\PQPLib\PQP.cpp(998,47): warning C4100: 'res': unreferenced formal parameter
C:\Users\neelo\5AXISMAKER\MultiAxis_3DP_MotionPlanning\ThirdPartyDependence\QHullLib\global.cpp(1936,19): warning C4267: '=': conversion from 'size_t' to 'int', possible loss of data
  merge.cpp
  poly.cpp
  poly2.cpp
C:\Users\neelo\5AXISMAKER\MultiAxis_3DP_MotionPlanning\ThirdPartyDependence\PQPLib\BV.cpp(566,68): warning C4100: 'p': unreferenced formal parameter
  qconvex.cpp
  qhull.cpp
  qset.cpp
C:\Users\neelo\5AXISMAKER\MultiAxis_3DP_MotionPlanning\ThirdPartyDependence\QHullLib\io.cpp(3603,87): warning C4100: 'unbounded': unreferenced formal parameter
C:\Users\neelo\5AXISMAKER\MultiAxis_3DP_MotionPlanning\ThirdPartyDependence\QHullLib\io.cpp(3630,88): warning C4100: 'unbounded': unreferenced formal parameter
  rbox.cpp
  stat.cpp
  user.cpp
C:\Users\neelo\5AXISMAKER\MultiAxis_3DP_MotionPlanning\ThirdPartyDependence\QHullLib\poly2.cpp(135,5): warning C4390: ';': empty controlled statement found; is this the intent?
C:\Users\neelo\5AXISMAKER\MultiAxis_3DP_MotionPlanning\ThirdPartyDependence\QHullLib\qset.cpp(289,29): warning C4244: 'argument': conversion from '__int64' to 'int', possible loss of data
C:\Users\neelo\5AXISMAKER\MultiAxis_3DP_MotionPlanning\ThirdPartyDependence\QHullLib\poly2.cpp(399,9): warning C4390: ';': empty controlled statement found; is this the intent?
C:\Users\neelo\5AXISMAKER\MultiAxis_3DP_MotionPlanning\ThirdPartyDependence\QHullLib\poly.cpp(415,30): warning C4311: 'type cast': pointer truncation from 'void *' to 'ptr_intT'
C:\Users\neelo\5AXISMAKER\MultiAxis_3DP_MotionPlanning\ThirdPartyDependence\QHullLib\poly.cpp(415,30): warning C4302: 'type cast': truncation from 'void *' to 'ptr_intT'
C:\Users\neelo\5AXISMAKER\MultiAxis_3DP_MotionPlanning\ThirdPartyDependence\QHullLib\poly.cpp(415,51): warning C4311: 'type cast': pointer truncation from 'void *' to 'ptr_intT'
C:\Users\neelo\5AXISMAKER\MultiAxis_3DP_MotionPlanning\ThirdPartyDependence\QHullLib\poly.cpp(415,51): warning C4302: 'type cast': truncation from 'void *' to 'ptr_intT'
C:\Users\neelo\5AXISMAKER\MultiAxis_3DP_MotionPlanning\ThirdPartyDependence\QHullLib\poly.cpp(418,30): warning C4311: 'type cast': pointer truncation from 'void *' to 'ptr_intT'
C:\Users\neelo\5AXISMAKER\MultiAxis_3DP_MotionPlanning\ThirdPartyDependence\QHullLib\poly.cpp(418,30): warning C4302: 'type cast': truncation from 'void *' to 'ptr_intT'
C:\Users\neelo\5AXISMAKER\MultiAxis_3DP_MotionPlanning\ThirdPartyDependence\QHullLib\poly.cpp(418,51): warning C4311: 'type cast': pointer truncation from 'void *' to 'ptr_intT'
C:\Users\neelo\5AXISMAKER\MultiAxis_3DP_MotionPlanning\ThirdPartyDependence\QHullLib\poly.cpp(418,51): warning C4302: 'type cast': truncation from 'void *' to 'ptr_intT'
C:\Users\neelo\5AXISMAKER\MultiAxis_3DP_MotionPlanning\ThirdPartyDependence\QHullLib\poly.cpp(418,72): warning C4311: 'type cast': pointer truncation from 'void *' to 'ptr_intT'
C:\Users\neelo\5AXISMAKER\MultiAxis_3DP_MotionPlanning\ThirdPartyDependence\QHullLib\poly.cpp(418,72): warning C4302: 'type cast': truncation from 'void *' to 'ptr_intT'
C:\Users\neelo\5AXISMAKER\MultiAxis_3DP_MotionPlanning\ThirdPartyDependence\QHullLib\poly.cpp(421,30): warning C4311: 'type cast': pointer truncation from 'void *' to 'ptr_intT'
C:\Users\neelo\5AXISMAKER\MultiAxis_3DP_MotionPlanning\ThirdPartyDependence\QHullLib\poly.cpp(421,30): warning C4302: 'type cast': truncation from 'void *' to 'ptr_intT'
C:\Users\neelo\5AXISMAKER\MultiAxis_3DP_MotionPlanning\ThirdPartyDependence\QHullLib\poly.cpp(421,51): warning C4311: 'type cast': pointer truncation from 'void *' to 'ptr_intT'
C:\Users\neelo\5AXISMAKER\MultiAxis_3DP_MotionPlanning\ThirdPartyDependence\QHullLib\poly.cpp(421,51): warning C4302: 'type cast': truncation from 'void *' to 'ptr_intT'
C:\Users\neelo\5AXISMAKER\MultiAxis_3DP_MotionPlanning\ThirdPartyDependence\QHullLib\poly.cpp(422,7): warning C4311: 'type cast': pointer truncation from 'void *' to 'ptr_intT'
C:\Users\neelo\5AXISMAKER\MultiAxis_3DP_MotionPlanning\ThirdPartyDependence\QHullLib\poly.cpp(422,7): warning C4302: 'type cast': truncation from 'void *' to 'ptr_intT'
C:\Users\neelo\5AXISMAKER\MultiAxis_3DP_MotionPlanning\ThirdPartyDependence\QHullLib\poly.cpp(422,28): warning C4311: 'type cast': pointer truncation from 'void *' to 'ptr_intT'
C:\Users\neelo\5AXISMAKER\MultiAxis_3DP_MotionPlanning\ThirdPartyDependence\QHullLib\poly.cpp(422,28): warning C4302: 'type cast': truncation from 'void *' to 'ptr_intT'
C:\Users\neelo\5AXISMAKER\MultiAxis_3DP_MotionPlanning\ThirdPartyDependence\QHullLib\poly.cpp(425,30): warning C4311: 'type cast': pointer truncation from 'void *' to 'ptr_intT'
C:\Users\neelo\5AXISMAKER\MultiAxis_3DP_MotionPlanning\ThirdPartyDependence\QHullLib\poly.cpp(425,30): warning C4302: 'type cast': truncation from 'void *' to 'ptr_intT'
C:\Users\neelo\5AXISMAKER\MultiAxis_3DP_MotionPlanning\ThirdPartyDependence\QHullLib\poly.cpp(425,51): warning C4311: 'type cast': pointer truncation from 'void *' to 'ptr_intT'
C:\Users\neelo\5AXISMAKER\MultiAxis_3DP_MotionPlanning\ThirdPartyDependence\QHullLib\poly.cpp(425,51): warning C4302: 'type cast': truncation from 'void *' to 'ptr_intT'
C:\Users\neelo\5AXISMAKER\MultiAxis_3DP_MotionPlanning\ThirdPartyDependence\QHullLib\poly.cpp(426,7): warning C4311: 'type cast': pointer truncation from 'void *' to 'ptr_intT'
C:\Users\neelo\5AXISMAKER\MultiAxis_3DP_MotionPlanning\ThirdPartyDependence\QHullLib\poly.cpp(426,7): warning C4302: 'type cast': truncation from 'void *' to 'ptr_intT'
C:\Users\neelo\5AXISMAKER\MultiAxis_3DP_MotionPlanning\ThirdPartyDependence\QHullLib\poly.cpp(426,28): warning C4311: 'type cast': pointer truncation from 'void *' to 'ptr_intT'
C:\Users\neelo\5AXISMAKER\MultiAxis_3DP_MotionPlanning\ThirdPartyDependence\QHullLib\poly.cpp(426,28): warning C4302: 'type cast': truncation from 'void *' to 'ptr_intT'
C:\Users\neelo\5AXISMAKER\MultiAxis_3DP_MotionPlanning\ThirdPartyDependence\QHullLib\poly.cpp(426,49): warning C4311: 'type cast': pointer truncation from 'void *' to 'ptr_intT'
C:\Users\neelo\5AXISMAKER\MultiAxis_3DP_MotionPlanning\ThirdPartyDependence\QHullLib\poly.cpp(426,49): warning C4302: 'type cast': truncation from 'void *' to 'ptr_intT'
C:\Users\neelo\5AXISMAKER\MultiAxis_3DP_MotionPlanning\ThirdPartyDependence\QHullLib\poly.cpp(429,30): warning C4311: 'type cast': pointer truncation from 'void *' to 'ptr_intT'
C:\Users\neelo\5AXISMAKER\MultiAxis_3DP_MotionPlanning\ThirdPartyDependence\QHullLib\poly.cpp(429,30): warning C4302: 'type cast': truncation from 'void *' to 'ptr_intT'
C:\Users\neelo\5AXISMAKER\MultiAxis_3DP_MotionPlanning\ThirdPartyDependence\QHullLib\poly.cpp(429,51): warning C4311: 'type cast': pointer truncation from 'void *' to 'ptr_intT'
C:\Users\neelo\5AXISMAKER\MultiAxis_3DP_MotionPlanning\ThirdPartyDependence\QHullLib\poly.cpp(429,51): warning C4302: 'type cast': truncation from 'void *' to 'ptr_intT'
C:\Users\neelo\5AXISMAKER\MultiAxis_3DP_MotionPlanning\ThirdPartyDependence\QHullLib\poly.cpp(430,7): warning C4311: 'type cast': pointer truncation from 'void *' to 'ptr_intT'
C:\Users\neelo\5AXISMAKER\MultiAxis_3DP_MotionPlanning\ThirdPartyDependence\QHullLib\poly.cpp(430,7): warning C4302: 'type cast': truncation from 'void *' to 'ptr_intT'
C:\Users\neelo\5AXISMAKER\MultiAxis_3DP_MotionPlanning\ThirdPartyDependence\QHullLib\poly.cpp(430,28): warning C4311: 'type cast': pointer truncation from 'void *' to 'ptr_intT'
C:\Users\neelo\5AXISMAKER\MultiAxis_3DP_MotionPlanning\ThirdPartyDependence\QHullLib\poly.cpp(430,28): warning C4302: 'type cast': truncation from 'void *' to 'ptr_intT'
C:\Users\neelo\5AXISMAKER\MultiAxis_3DP_MotionPlanning\ThirdPartyDependence\QHullLib\poly.cpp(430,49): warning C4311: 'type cast': pointer truncation from 'void *' to 'ptr_intT'
C:\Users\neelo\5AXISMAKER\MultiAxis_3DP_MotionPlanning\ThirdPartyDependence\QHullLib\poly.cpp(430,49): warning C4302: 'type cast': truncation from 'void *' to 'ptr_intT'
C:\Users\neelo\5AXISMAKER\MultiAxis_3DP_MotionPlanning\ThirdPartyDependence\QHullLib\poly.cpp(430,70): warning C4311: 'type cast': pointer truncation from 'void *' to 'ptr_intT'
C:\Users\neelo\5AXISMAKER\MultiAxis_3DP_MotionPlanning\ThirdPartyDependence\QHullLib\poly.cpp(430,70): warning C4302: 'type cast': truncation from 'void *' to 'ptr_intT'
C:\Users\neelo\5AXISMAKER\MultiAxis_3DP_MotionPlanning\ThirdPartyDependence\QHullLib\poly.cpp(433,30): warning C4311: 'type cast': pointer truncation from 'void *' to 'ptr_intT'
C:\Users\neelo\5AXISMAKER\MultiAxis_3DP_MotionPlanning\ThirdPartyDependence\QHullLib\poly.cpp(433,30): warning C4302: 'type cast': truncation from 'void *' to 'ptr_intT'
C:\Users\neelo\5AXISMAKER\MultiAxis_3DP_MotionPlanning\ThirdPartyDependence\QHullLib\poly.cpp(433,51): warning C4311: 'type cast': pointer truncation from 'void *' to 'ptr_intT'
C:\Users\neelo\5AXISMAKER\MultiAxis_3DP_MotionPlanning\ThirdPartyDependence\QHullLib\poly.cpp(433,51): warning C4302: 'type cast': truncation from 'void *' to 'ptr_intT'
C:\Users\neelo\5AXISMAKER\MultiAxis_3DP_MotionPlanning\ThirdPartyDependence\QHullLib\poly.cpp(434,7): warning C4311: 'type cast': pointer truncation from 'void *' to 'ptr_intT'
C:\Users\neelo\5AXISMAKER\MultiAxis_3DP_MotionPlanning\ThirdPartyDependence\QHullLib\poly.cpp(434,7): warning C4302: 'type cast': truncation from 'void *' to 'ptr_intT'
C:\Users\neelo\5AXISMAKER\MultiAxis_3DP_MotionPlanning\ThirdPartyDependence\QHullLib\poly.cpp(434,28): warning C4311: 'type cast': pointer truncation from 'void *' to 'ptr_intT'
C:\Users\neelo\5AXISMAKER\MultiAxis_3DP_MotionPlanning\ThirdPartyDependence\QHullLib\poly.cpp(434,28): warning C4302: 'type cast': truncation from 'void *' to 'ptr_intT'
C:\Users\neelo\5AXISMAKER\MultiAxis_3DP_MotionPlanning\ThirdPartyDependence\QHullLib\poly.cpp(434,48): warning C4311: 'type cast': pointer truncation from 'void *' to 'ptr_intT'
C:\Users\neelo\5AXISMAKER\MultiAxis_3DP_MotionPlanning\ThirdPartyDependence\QHullLib\poly.cpp(434,48): warning C4302: 'type cast': truncation from 'void *' to 'ptr_intT'
C:\Users\neelo\5AXISMAKER\MultiAxis_3DP_MotionPlanning\ThirdPartyDependence\QHullLib\poly.cpp(435,7): warning C4311: 'type cast': pointer truncation from 'void *' to 'ptr_intT'
C:\Users\neelo\5AXISMAKER\MultiAxis_3DP_MotionPlanning\ThirdPartyDependence\QHullLib\poly.cpp(435,7): warning C4302: 'type cast': truncation from 'void *' to 'ptr_intT'
C:\Users\neelo\5AXISMAKER\MultiAxis_3DP_MotionPlanning\ThirdPartyDependence\QHullLib\poly.cpp(435,28): warning C4311: 'type cast': pointer truncation from 'void *' to 'ptr_intT'
C:\Users\neelo\5AXISMAKER\MultiAxis_3DP_MotionPlanning\ThirdPartyDependence\QHullLib\poly.cpp(435,28): warning C4302: 'type cast': truncation from 'void *' to 'ptr_intT'
C:\Users\neelo\5AXISMAKER\MultiAxis_3DP_MotionPlanning\ThirdPartyDependence\QHullLib\poly.cpp(441,10): warning C4311: 'type cast': pointer truncation from 'void *' to 'ptr_intT'
C:\Users\neelo\5AXISMAKER\MultiAxis_3DP_MotionPlanning\ThirdPartyDependence\QHullLib\poly.cpp(441,10): warning C4302: 'type cast': truncation from 'void *' to 'ptr_intT'
C:\Users\neelo\5AXISMAKER\MultiAxis_3DP_MotionPlanning\ThirdPartyDependence\QHullLib\poly.cpp(441,59): warning C4311: 'type cast': pointer truncation from 'void *' to 'ptr_intT'
C:\Users\neelo\5AXISMAKER\MultiAxis_3DP_MotionPlanning\ThirdPartyDependence\QHullLib\poly.cpp(441,59): warning C4302: 'type cast': truncation from 'void *' to 'ptr_intT'
C:\Users\neelo\5AXISMAKER\MultiAxis_3DP_MotionPlanning\ThirdPartyDependence\QHullLib\qhull.cpp(322,52): warning C4267: '=': conversion from 'size_t' to 'int', possible loss of data
C:\Users\neelo\5AXISMAKER\MultiAxis_3DP_MotionPlanning\ThirdPartyDependence\QHullLib\stat.cpp(469,1): warning C4477: 'fprintf' : format string '%d' requires an argument of type 'int', but variadic argument 2 has type 'size_t'
C:\Users\neelo\5AXISMAKER\MultiAxis_3DP_MotionPlanning\ThirdPartyDependence\QHullLib\stat.cpp(469,1): message : consider using '%zd' in the format string
C:\Users\neelo\5AXISMAKER\MultiAxis_3DP_MotionPlanning\QMeshLib\QMeshPatch.cpp(26,6): warning C4189: 'num': local variable is initialized but not referenced
C:\Users\neelo\5AXISMAKER\MultiAxis_3DP_MotionPlanning\QMeshLib\QMeshPatch.cpp(103,52): warning C4100: 'bOBTFile': unreferenced formal parameter
C:\Users\neelo\5AXISMAKER\MultiAxis_3DP_MotionPlanning\QMeshLib\QMeshPatch.cpp(146,12): warning C4101: 'nodeIndex': unreferenced local variable
C:\Users\neelo\5AXISMAKER\MultiAxis_3DP_MotionPlanning\QMeshLib\QMeshPatch.cpp(880,52): warning C4100: 'bOBTFile': unreferenced formal parameter
C:\Users\neelo\5AXISMAKER\MultiAxis_3DP_MotionPlanning\QMeshLib\QMeshPatch.cpp(1283,72): warning C4474: 'fprintf' : too many arguments passed for format string
C:\Users\neelo\5AXISMAKER\MultiAxis_3DP_MotionPlanning\QMeshLib\QMeshPatch.cpp(1283,72): message : placeholders and their parameters expect 3 variadic arguments, but 4 were provided
C:\Users\neelo\5AXISMAKER\MultiAxis_3DP_MotionPlanning\QMeshLib\QMeshPatch.cpp(1514,17): warning C4101: 'Pos': unreferenced local variable
C:\Users\neelo\5AXISMAKER\MultiAxis_3DP_MotionPlanning\QMeshLib\QMeshPatch.cpp(1536,17): warning C4101: 'PosMesh': unreferenced local variable
C:\Users\neelo\5AXISMAKER\MultiAxis_3DP_MotionPlanning\GLKLib\GLKLib.h(163,35): warning C4100: 'bVertexNormalShading': unreferenced formal parameter (compiling source file QMeshTetra.cpp)
C:\Users\neelo\5AXISMAKER\MultiAxis_3DP_MotionPlanning\GLKLib\GLKLib.h(214,63): warning C4100: 'even_type': unreferenced formal parameter (compiling source file QMeshTetra.cpp)
C:\Users\neelo\5AXISMAKER\MultiAxis_3DP_MotionPlanning\GLKLib\GLKLib.h(214,39): warning C4100: 'event': unreferenced formal parameter (compiling source file QMeshTetra.cpp)
C:\Users\neelo\5AXISMAKER\MultiAxis_3DP_MotionPlanning\GLKLib\GLKGeometry.h(493,28): warning C4267: 'return': conversion from 'size_t' to 'unsigned int', possible loss of data (compiling source file QMeshTetra.cpp)
C:\Users\neelo\5AXISMAKER\MultiAxis_3DP_MotionPlanning\QMeshLib\QMeshTetra.cpp(163,7): warning C4189: 'x': local variable is initialized but not referenced
C:\Users\neelo\5AXISMAKER\MultiAxis_3DP_MotionPlanning\GLKLib\GLKLib.h(163,35): warning C4100: 'bVertexNormalShading': unreferenced formal parameter (compiling source file PolygenMesh.cpp)
C:\Users\neelo\5AXISMAKER\MultiAxis_3DP_MotionPlanning\GLKLib\GLKLib.h(214,63): warning C4100: 'even_type': unreferenced formal parameter (compiling source file PolygenMesh.cpp)
C:\Users\neelo\5AXISMAKER\MultiAxis_3DP_MotionPlanning\GLKLib\GLKLib.h(214,39): warning C4100: 'event': unreferenced formal parameter (compiling source file PolygenMesh.cpp)
C:\Users\neelo\5AXISMAKER\MultiAxis_3DP_MotionPlanning\GLKLib\GLKLib.h(163,35): warning C4100: 'bVertexNormalShading': unreferenced formal parameter (compiling source file QMeshFace.cpp)
C:\Users\neelo\5AXISMAKER\MultiAxis_3DP_MotionPlanning\GLKLib\GLKLib.h(214,63): warning C4100: 'even_type': unreferenced formal parameter (compiling source file QMeshFace.cpp)
C:\Users\neelo\5AXISMAKER\MultiAxis_3DP_MotionPlanning\GLKLib\GLKLib.h(214,39): warning C4100: 'event': unreferenced formal parameter (compiling source file QMeshFace.cpp)
C:\Users\neelo\5AXISMAKER\MultiAxis_3DP_MotionPlanning\GLKLib\GLKGeometry.h(493,28): warning C4267: 'return': conversion from 'size_t' to 'unsigned int', possible loss of data (compiling source file QMeshFace.cpp)
C:\Users\neelo\5AXISMAKER\MultiAxis_3DP_MotionPlanning\QMeshLib\PolygenMesh.h(23,2): warning C4091: 'typedef ': ignored on left of 'mesh_type' when no variable is declared (compiling source file PolygenMesh.cpp)
C:\Users\neelo\5AXISMAKER\MultiAxis_3DP_MotionPlanning\QMeshLib\PolygenMesh.cpp(116,44): warning C4305: 'argument': truncation from 'double' to 'GLfloat'
C:\Users\neelo\5AXISMAKER\MultiAxis_3DP_MotionPlanning\QMeshLib\PolygenMesh.cpp(142,40): warning C4305: 'argument': truncation from 'double' to 'GLfloat'
C:\Users\neelo\5AXISMAKER\MultiAxis_3DP_MotionPlanning\QMeshLib\PolygenMesh.cpp(144,88): warning C4305: 'argument': truncation from 'double' to 'GLfloat'
C:\Users\neelo\5AXISMAKER\MultiAxis_3DP_MotionPlanning\QMeshLib\PolygenMesh.cpp(145,88): warning C4305: 'argument': truncation from 'double' to 'GLfloat'
C:\Users\neelo\5AXISMAKER\MultiAxis_3DP_MotionPlanning\QMeshLib\PolygenMesh.cpp(147,88): warning C4305: 'argument': truncation from 'double' to 'GLfloat'
C:\Users\neelo\5AXISMAKER\MultiAxis_3DP_MotionPlanning\QMeshLib\PolygenMesh.cpp(149,88): warning C4305: 'argument': truncation from 'double' to 'GLfloat'
C:\Users\neelo\5AXISMAKER\MultiAxis_3DP_MotionPlanning\QMeshLib\PolygenMesh.cpp(150,88): warning C4305: 'argument': truncation from 'double' to 'GLfloat'
C:\Users\neelo\5AXISMAKER\MultiAxis_3DP_MotionPlanning\QMeshLib\PolygenMesh.cpp(88,44): warning C4100: 'bVertexNormalShading': unreferenced formal parameter
C:\Users\neelo\5AXISMAKER\MultiAxis_3DP_MotionPlanning\QMeshLib\PolygenMesh.cpp(134,19): warning C4101: 'rr': unreferenced local variable
C:\Users\neelo\5AXISMAKER\MultiAxis_3DP_MotionPlanning\QMeshLib\PolygenMesh.cpp(134,23): warning C4101: 'gg': unreferenced local variable
C:\Users\neelo\5AXISMAKER\MultiAxis_3DP_MotionPlanning\QMeshLib\PolygenMesh.cpp(134,27): warning C4101: 'bb': unreferenced local variable
C:\Users\neelo\5AXISMAKER\MultiAxis_3DP_MotionPlanning\QMeshLib\PolygenMesh.cpp(235,70): warning C4305: 'argument': truncation from 'double' to 'GLfloat'
C:\Users\neelo\5AXISMAKER\MultiAxis_3DP_MotionPlanning\QMeshLib\PolygenMesh.cpp(236,48): warning C4305: 'argument': truncation from 'double' to 'GLfloat'
C:\Users\neelo\5AXISMAKER\MultiAxis_3DP_MotionPlanning\QMeshLib\PolygenMesh.cpp(241,70): warning C4305: 'argument': truncation from 'double' to 'GLfloat'
C:\Users\neelo\5AXISMAKER\MultiAxis_3DP_MotionPlanning\QMeshLib\PolygenMesh.cpp(242,47): warning C4305: 'argument': truncation from 'double' to 'GLfloat'
C:\Users\neelo\5AXISMAKER\MultiAxis_3DP_MotionPlanning\QMeshLib\PolygenMesh.cpp(277,29): warning C4305: '=': truncation from 'double' to 'float'
C:\Users\neelo\5AXISMAKER\MultiAxis_3DP_MotionPlanning\QMeshLib\PolygenMesh.cpp(277,39): warning C4305: '=': truncation from 'double' to 'float'
C:\Users\neelo\5AXISMAKER\MultiAxis_3DP_MotionPlanning\QMeshLib\PolygenMesh.cpp(277,49): warning C4305: '=': truncation from 'double' to 'float'
C:\Users\neelo\5AXISMAKER\MultiAxis_3DP_MotionPlanning\QMeshLib\PolygenMesh.cpp(209,17): warning C4101: 'Pos': unreferenced local variable
C:\Users\neelo\5AXISMAKER\MultiAxis_3DP_MotionPlanning\QMeshLib\PolygenMesh.cpp(210,17): warning C4101: 'PosEdge': unreferenced local variable
C:\Users\neelo\5AXISMAKER\MultiAxis_3DP_MotionPlanning\QMeshLib\PolygenMesh.cpp(318,25): warning C4305: '=': truncation from 'double' to 'float'
C:\Users\neelo\5AXISMAKER\MultiAxis_3DP_MotionPlanning\QMeshLib\PolygenMesh.cpp(318,35): warning C4305: '=': truncation from 'double' to 'float'
C:\Users\neelo\5AXISMAKER\MultiAxis_3DP_MotionPlanning\QMeshLib\PolygenMesh.cpp(318,45): warning C4305: '=': truncation from 'double' to 'float'
C:\Users\neelo\5AXISMAKER\MultiAxis_3DP_MotionPlanning\QMeshLib\PolygenMesh.cpp(323,69): warning C4305: '=': truncation from 'double' to 'float'
C:\Users\neelo\5AXISMAKER\MultiAxis_3DP_MotionPlanning\QMeshLib\PolygenMesh.cpp(343,36): warning C4305: '=': truncation from 'double' to 'float'
C:\Users\neelo\5AXISMAKER\MultiAxis_3DP_MotionPlanning\QMeshLib\PolygenMesh.cpp(343,46): warning C4305: '=': truncation from 'double' to 'float'
C:\Users\neelo\5AXISMAKER\MultiAxis_3DP_MotionPlanning\QMeshLib\PolygenMesh.cpp(349,34): warning C4305: '=': truncation from 'double' to 'float'
C:\Users\neelo\5AXISMAKER\MultiAxis_3DP_MotionPlanning\QMeshLib\PolygenMesh.cpp(349,45): warning C4305: '=': truncation from 'double' to 'float'
C:\Users\neelo\5AXISMAKER\MultiAxis_3DP_MotionPlanning\QMeshLib\PolygenMesh.cpp(293,17): warning C4101: 'Pos': unreferenced local variable
C:\Users\neelo\5AXISMAKER\MultiAxis_3DP_MotionPlanning\QMeshLib\PolygenMesh.cpp(294,17): warning C4101: 'PosNode': unreferenced local variable
  QMeshLib.vcxproj -> C:\Users\neelo\5AXISMAKER\MultiAxis_3DP_MotionPlanning\QMeshLib\debug\QMeshLib.lib
